This file contains any messages produced by compilers while
running configure, to aid debugging if configure makes a mistake.

It was created by potrace configure 1.15, which was
generated by GNU Autoconf 2.69.  Invocation command line was

  $ ./configure --build=x86_64-linux-gnu --prefix=/usr --includedir=${prefix}/include --mandir=${prefix}/share/man --infodir=${prefix}/share/info --sysconfdir=/etc --localstatedir=/var --disable-silent-rules --libdir=${prefix}/lib/x86_64-linux-gnu --libexecdir=${prefix}/lib/x86_64-linux-gnu --disable-maintainer-mode --disable-dependency-tracking --with-libpotrace

## --------- ##
## Platform. ##
## --------- ##

hostname = Richard-Works
uname -m = x86_64
uname -r = 4.4.0-17763-Microsoft
uname -s = Linux
uname -v = #379-Microsoft Wed Mar 06 19:16:00 PST 2019

/usr/bin/uname -p = unknown
/bin/uname -X     = unknown

/bin/arch              = unknown
/usr/bin/arch -k       = unknown
/usr/convex/getsysinfo = unknown
/usr/bin/hostinfo      = unknown
/bin/machine           = unknown
/usr/bin/oslevel       = unknown
/bin/universe          = unknown

PATH: /usr/local/bin
PATH: /opt/intel/compilers_and_libraries/linux/pkg_bin/intel64
PATH: /usr/sbin
PATH: /usr/bin
PATH: /sbin
PATH: /bin
PATH: /usr/bin/X11


## ----------- ##
## Core tests. ##
## ----------- ##

configure:2391: checking for a BSD-compatible install
configure:2459: result: /usr/bin/install -c
configure:2470: checking whether build environment is sane
configure:2525: result: yes
configure:2674: checking for a thread-safe mkdir -p
configure:2713: result: /bin/mkdir -p
configure:2720: checking for gawk
configure:2736: found /usr/bin/gawk
configure:2747: result: gawk
configure:2758: checking whether make sets $(MAKE)
configure:2780: result: yes
configure:2809: checking whether make supports nested variables
configure:2826: result: yes
configure:3086: checking for C compiler version
configure:3095: icc.pl --version >&5
icc (ICC) 19.0.4.243 20190416
Copyright (C) 1985-2019 Intel Corporation.  All rights reserved.

configure:3106: $? = 0
configure:3095: icc.pl -v >&5
__INTEL_PRE_CFLAGS options:  
-diag-enableall
-diag-disable=10013,10385,10237,10346,10148
-diag-error-limit=1
-diag-onceall
-Wremarks
-w3
-Wbrief
-O3 -fabi-version=11 -falign-functions -falign-loops -fbuiltin -fdata-sections -ffunction-sections -ffat-lto-objects -fpermissive -fp-model:fast=2 -gcc-name=gcc-8 -gnu-prefix=x86_64-linux-gnu- -gxx-name=g++-8 -inline-level=2 -inline-min-caller-growth=0 -ipo -par-schedule-auto -parallel -qoverride-limits -qopt-matmul -qopt-mem-layout-trans -qopt-multi-version-aggressive -qopt-prefetch -static-intel -no-inline-max-per-routine -no-inline-max-per-compile -inline-max-size=99 -inline-max-total-size=9999999 -Wl,--as-needed
__INTEL_POST_CFLAGS options:  
... rest of stderr output deleted ...
configure:3106: $? = 1
configure:3095: icc.pl -V >&5
GNU ld (GNU Binutils for Debian) 2.31.1
Intel(R) C Intel(R) 64 Compiler for applications running on Intel(R) 64, Version 19.0.4.243 Build 20190416
Copyright (C) 1985-2019 Intel Corporation.  All rights reserved.

x86_64-linux-gnu-ld: /usr/lib/gcc/x86_64-linux-gnu/8/../../../x86_64-linux-gnu/Scrt1.o: in function `_start':
(.text+0x20): undefined reference to `main'
configure:3106: $? = 1
configure:3095: icc.pl -qversion >&5
x86_64-linux-gnu-ld: /usr/lib/gcc/x86_64-linux-gnu/8/../../../x86_64-linux-gnu/Scrt1.o: in function `_start':
(.text+0x20): undefined reference to `main'
configure:3106: $? = 1
configure:3126: checking whether the C compiler works
configure:3148: icc.pl -g -O2 -fdebug-prefix-map=/home/richard/potrace/potrace-1.15=. -Wformat -march=native -pipe -Wformat-security -Wdate-time -D_FORTIFY_SOURCE=2  conftest.c  >&5
ipo: remark #11001: performing single-file optimizations
ipo: remark #11006: generating object file /tmp/ipo_iccWxN1z8.o
configure:3152: $? = 0
configure:3200: result: yes
configure:3203: checking for C compiler default output file name
configure:3205: result: a.out
configure:3211: checking for suffix of executables
configure:3218: icc.pl -o conftest -g -O2 -fdebug-prefix-map=/home/richard/potrace/potrace-1.15=. -Wformat -march=native -pipe -Wformat-security -Wdate-time -D_FORTIFY_SOURCE=2  conftest.c  >&5
ipo: remark #11001: performing single-file optimizations
ipo: remark #11006: generating object file /tmp/ipo_iccwMiaa6.o
configure:3222: $? = 0
configure:3244: result: 
configure:3266: checking whether we are cross compiling
configure:3274: icc.pl -o conftest -g -O2 -fdebug-prefix-map=/home/richard/potrace/potrace-1.15=. -Wformat -march=native -pipe -Wformat-security -Wdate-time -D_FORTIFY_SOURCE=2  conftest.c  >&5
conftest.c(21) (col. 3): remark #111: statement is unreachable
ipo: remark #11001: performing single-file optimizations
ipo: remark #11006: generating object file /tmp/ipo_iccNGsgNo.o
configure:3278: $? = 0
configure:3285: ./conftest
configure:3289: $? = 0
configure:3277: result: no
configure:3282: checking for suffix of object files
configure:3304: icc.pl -c -g -O2 -fdebug-prefix-map=/home/richard/potrace/potrace-1.15=. -Wformat -march=native -pipe -Wformat-security -Wdate-time -D_FORTIFY_SOURCE=2 conftest.c >&5
configure:3308: $? = 0
configure:3329: result: o
configure:3333: checking whether we are using the GNU C compiler
configure:3352: icc.pl -c -g -O2 -fdebug-prefix-map=/home/richard/potrace/potrace-1.15=. -Wformat -march=native -pipe -Wformat-security -Wdate-time -D_FORTIFY_SOURCE=2 conftest.c >&5
configure:3352: $? = 0
configure:3361: result: yes
configure:3370: checking whether icc.pl accepts -g
configure:3390: icc.pl -c -g -Wdate-time -D_FORTIFY_SOURCE=2 conftest.c >&5
configure:3390: $? = 0
configure:3431: result: yes
configure:3448: checking for icc.pl option to accept ISO C89
configure:3511: icc.pl  -c -g -O2 -fdebug-prefix-map=/home/richard/potrace/potrace-1.15=. -Wformat -march=native -pipe -Wformat-security -Wdate-time -D_FORTIFY_SOURCE=2 conftest.c >&5
conftest.c(49) (col. 5): remark #1419: external declaration in primary source file
conftest.c(52) (col. 5): remark #1419: external declaration in primary source file
conftest.c(60) (col. 3): remark #111: statement is unreachable
configure:3511: $? = 0
configure:3524: result: none needed
configure:3549: checking whether icc.pl understands -c and -o together
configure:3571: icc.pl -c conftest.c -o conftest2.o
configure:3574: $? = 0
configure:3571: icc.pl -c conftest.c -o conftest2.o
configure:3574: $? = 0
configure:3586: result: yes
configure:3606: checking whether make supports the include directive
configure:3621: make -f confmf.GNU && cat confinc.out
make[2]: Entering directory '/home/richard/potrace/potrace-1.15'
make[2]: Leaving directory '/home/richard/potrace/potrace-1.15'
this is the am__doit target
configure:3624: $? = 0
configure:3643: result: yes (GNU style)
configure:3668: checking dependency style of icc.pl
configure:3779: result: none
configure:3797: checking what compiler options to use
configure:3799: result:  -g -O2 -fdebug-prefix-map=/home/richard/potrace/potrace-1.15=. -Wformat -march=native -pipe -Wformat-security
configure:3819: checking build system type
configure:3833: result: x86_64-pc-linux-gnu
configure:3853: checking host system type
configure:3866: result: x86_64-pc-linux-gnu
configure:4235: checking how to print strings
configure:4262: result: printf
configure:4283: checking for a sed that does not truncate output
configure:4347: result: /bin/sed
configure:4365: checking for grep that handles long lines and -e
configure:4423: result: /bin/grep
configure:4428: checking for egrep
configure:4490: result: /bin/grep -E
configure:4495: checking for fgrep
configure:4557: result: /bin/grep -F
configure:4592: checking for ld used by icc.pl
configure:4659: result: /usr/bin/ld
configure:4666: checking if the linker (/usr/bin/ld) is GNU ld
configure:4681: result: yes
configure:4693: checking for BSD- or MS-compatible name lister (nm)
configure:4747: result: /usr/bin/nm -B
configure:4877: checking the name lister (/usr/bin/nm -B) interface
configure:4884: icc.pl -c -g -O2 -fdebug-prefix-map=/home/richard/potrace/potrace-1.15=. -Wformat -march=native -pipe -Wformat-security -Wdate-time -D_FORTIFY_SOURCE=2 conftest.c >&5
configure:4887: /usr/bin/nm -B "conftest.o"
configure:4890: output
0000000000000000 N .debug_info_seg
0000000000000000 B some_variable
configure:4891: result: BSD nm
configure:4894: checking whether ln -s works
configure:4898: result: yes
configure:4906: checking the maximum length of command line arguments
configure:5037: result: 1572864
configure:5085: checking how to convert x86_64-pc-linux-gnu file names to x86_64-pc-linux-gnu format
configure:5125: result: func_convert_file_noop
configure:5132: checking how to convert x86_64-pc-linux-gnu file names to toolchain format
configure:5152: result: func_convert_file_noop
configure:5159: checking for /usr/bin/ld option to reload object files
configure:5166: result: -r
configure:5240: checking for objdump
configure:5267: result: objdump
configure:5296: checking how to recognize dependent libraries
configure:5496: result: pass_all
configure:5581: checking for dlltool
configure:5608: result: dlltool
configure:5638: checking how to associate runtime and link libraries
configure:5665: result: printf %s\n
configure:5790: checking for archiver @FILE support
configure:5807: icc.pl -c -g -O2 -fdebug-prefix-map=/home/richard/potrace/potrace-1.15=. -Wformat -march=native -pipe -Wformat-security -Wdate-time -D_FORTIFY_SOURCE=2 conftest.c >&5
configure:5807: $? = 0
configure:5810: xiar.pl cru libconftest.a @conftest.lst >&5
xiar: executing 'ar'
ar: `u' modifier ignored since `D' is the default (see `U')
configure:5813: $? = 0
configure:5818: xiar.pl cru libconftest.a @conftest.lst >&5
xiar: executing 'ar'
ar: `u' modifier ignored since `D' is the default (see `U')
ar: conftest.o: No such file or directory
configure:5821: $? = 1
configure:5820: result: @
configure:5878: checking for strip
configure:5894: found /usr/bin/strip
configure:5905: result: strip
configure:5977: checking for ranlib
configure:5993: found /usr/bin/ranlib
configure:6004: result: ranlib
configure:6106: checking command to parse /usr/bin/nm -B output from icc.pl object
configure:6259: icc.pl -c -g -O2 -fdebug-prefix-map=/home/richard/potrace/potrace-1.15=. -Wformat -march=native -pipe -Wformat-security -Wdate-time -D_FORTIFY_SOURCE=2 conftest.c >&5
conftest.c(5) (col. 6): remark #1419: external declaration in primary source file
configure:6262: $? = 0
configure:6266: /usr/bin/nm -B conftest.o | sed -n -e 's/^.*[	 ]\([ABCDGIRSTW][ABCDGIRSTW]*\)[	 ][	 ]*\([_A-Za-z][_A-Za-z0-9]*\)$/\1 \2 \2/p' | sed '/ __gnu_lto/d' > conftest.nm
configure:6332: icc.pl -o conftest -g -O2 -fdebug-prefix-map=/home/richard/potrace/potrace-1.15=. -Wformat -march=native -pipe -Wformat-security -Wdate-time -D_FORTIFY_SOURCE=2  conftest.c conftstm.o >&5
conftest.c(18) (col. 12): remark #1419: external declaration in primary source file
ipo: remark #11000: performing multi-file optimizations
ipo: remark #11006: generating object file /tmp/ipo_iccjRw4Zt.o
configure:6335: $? = 0
configure:6373: result: ok
configure:6420: checking for sysroot
configure:6450: result: no
configure:6457: checking for a working dd
configure:6495: result: /bin/dd
configure:6499: checking how to truncate binary pipes
configure:6514: result: /bin/dd bs=4096 count=1
configure:6650: icc.pl -c -g -O2 -fdebug-prefix-map=/home/richard/potrace/potrace-1.15=. -Wformat -march=native -pipe -Wformat-security -Wdate-time -D_FORTIFY_SOURCE=2 conftest.c >&5
configure:6653: $? = 0
configure:6843: checking for mt
configure:6859: found /bin/mt
configure:6870: result: mt
configure:6893: checking if mt is a manifest tool
configure:6899: mt '-?'
configure:6907: result: no
configure:7584: checking how to run the C preprocessor
configure:7654: result: icc.pl -E
configure:7674: icc.pl -E -Wdate-time -D_FORTIFY_SOURCE=2 conftest.c
configure:7674: $? = 0
configure:7688: icc.pl -E -Wdate-time -D_FORTIFY_SOURCE=2 conftest.c
conftest.c(13) (col. 28): error #2379: cannot open source file "ac_nonexistent.h"
configure:7688: $? = 4
configure: failed program was:
| /* confdefs.h */
| #define PACKAGE_NAME "potrace"
| #define PACKAGE_TARNAME "potrace"
| #define PACKAGE_VERSION "1.15"
| #define PACKAGE_STRING "potrace 1.15"
| #define PACKAGE_BUGREPORT "selinger at users.sourceforge.net"
| #define PACKAGE_URL ""
| #define PACKAGE "potrace"
| #define VERSION "1.15"
| #define POTRACE "potrace"
| #define MKBITMAP "mkbitmap"
| /* end confdefs.h.  */
| #include <ac_nonexistent.h>
configure:7717: checking for ANSI C header files
configure:7737: icc.pl -c -g -O2 -fdebug-prefix-map=/home/richard/potrace/potrace-1.15=. -Wformat -march=native -pipe -Wformat-security -Wdate-time -D_FORTIFY_SOURCE=2 conftest.c >&5
configure:7737: $? = 0
configure:7810: icc.pl -o conftest -g -O2 -fdebug-prefix-map=/home/richard/potrace/potrace-1.15=. -Wformat -march=native -pipe -Wformat-security -Wdate-time -D_FORTIFY_SOURCE=2  conftest.c  >&5
ipo: remark #11001: performing single-file optimizations
ipo: remark #11006: generating object file /tmp/ipo_iccaqnKD5.o
configure:7810: $? = 0
configure:7810: ./conftest
configure:7810: $? = 0
configure:7821: result: yes
configure:7834: checking for sys/types.h
configure:7834: icc.pl -c -g -O2 -fdebug-prefix-map=/home/richard/potrace/potrace-1.15=. -Wformat -march=native -pipe -Wformat-security -Wdate-time -D_FORTIFY_SOURCE=2 conftest.c >&5
configure:7834: $? = 0
configure:7834: result: yes
configure:7834: checking for sys/stat.h
configure:7834: icc.pl -c -g -O2 -fdebug-prefix-map=/home/richard/potrace/potrace-1.15=. -Wformat -march=native -pipe -Wformat-security -Wdate-time -D_FORTIFY_SOURCE=2 conftest.c >&5
configure:7834: $? = 0
configure:7834: result: yes
configure:7834: checking for stdlib.h
configure:7834: icc.pl -c -g -O2 -fdebug-prefix-map=/home/richard/potrace/potrace-1.15=. -Wformat -march=native -pipe -Wformat-security -Wdate-time -D_FORTIFY_SOURCE=2 conftest.c >&5
configure:7834: $? = 0
configure:7834: result: yes
configure:7834: checking for string.h
configure:7834: icc.pl -c -g -O2 -fdebug-prefix-map=/home/richard/potrace/potrace-1.15=. -Wformat -march=native -pipe -Wformat-security -Wdate-time -D_FORTIFY_SOURCE=2 conftest.c >&5
configure:7834: $? = 0
configure:7834: result: yes
configure:7834: checking for memory.h
configure:7834: icc.pl -c -g -O2 -fdebug-prefix-map=/home/richard/potrace/potrace-1.15=. -Wformat -march=native -pipe -Wformat-security -Wdate-time -D_FORTIFY_SOURCE=2 conftest.c >&5
configure:7834: $? = 0
configure:7834: result: yes
configure:7834: checking for strings.h
configure:7834: icc.pl -c -g -O2 -fdebug-prefix-map=/home/richard/potrace/potrace-1.15=. -Wformat -march=native -pipe -Wformat-security -Wdate-time -D_FORTIFY_SOURCE=2 conftest.c >&5
configure:7834: $? = 0
configure:7834: result: yes
configure:7834: checking for inttypes.h
configure:7834: icc.pl -c -g -O2 -fdebug-prefix-map=/home/richard/potrace/potrace-1.15=. -Wformat -march=native -pipe -Wformat-security -Wdate-time -D_FORTIFY_SOURCE=2 conftest.c >&5
configure:7834: $? = 0
configure:7834: result: yes
configure:7834: checking for stdint.h
configure:7834: icc.pl -c -g -O2 -fdebug-prefix-map=/home/richard/potrace/potrace-1.15=. -Wformat -march=native -pipe -Wformat-security -Wdate-time -D_FORTIFY_SOURCE=2 conftest.c >&5
configure:7834: $? = 0
configure:7834: result: yes
configure:7834: checking for unistd.h
configure:7834: icc.pl -c -g -O2 -fdebug-prefix-map=/home/richard/potrace/potrace-1.15=. -Wformat -march=native -pipe -Wformat-security -Wdate-time -D_FORTIFY_SOURCE=2 conftest.c >&5
configure:7834: $? = 0
configure:7834: result: yes
configure:7848: checking for dlfcn.h
configure:7848: icc.pl -c -g -O2 -fdebug-prefix-map=/home/richard/potrace/potrace-1.15=. -Wformat -march=native -pipe -Wformat-security -Wdate-time -D_FORTIFY_SOURCE=2 conftest.c >&5
configure:7848: $? = 0
configure:7848: result: yes
configure:8102: checking for objdir
configure:8117: result: .libs
configure:8381: checking if icc.pl supports -fno-rtti -fno-exceptions
configure:8399: icc.pl -c -g -O2 -fdebug-prefix-map=/home/richard/potrace/potrace-1.15=. -Wformat -march=native -pipe -Wformat-security -Wdate-time -D_FORTIFY_SOURCE=2 -fno-rtti -fno-exceptions conftest.c >&5
configure:8403: $? = 0
configure:8416: result: yes
configure:8774: checking for icc.pl option to produce PIC
configure:8781: result: -fPIC -DPIC
configure:8789: checking if icc.pl PIC flag -fPIC -DPIC works
configure:8807: icc.pl -c -g -O2 -fdebug-prefix-map=/home/richard/potrace/potrace-1.15=. -Wformat -march=native -pipe -Wformat-security -Wdate-time -D_FORTIFY_SOURCE=2 -fPIC -DPIC -DPIC conftest.c >&5
configure:8811: $? = 0
configure:8824: result: yes
configure:8853: checking if icc.pl static flag -static works
ipo: remark #11001: performing single-file optimizations
ipo: remark #11006: generating object file /tmp/ipo_iccUYw4w0.o
x86_64-linux-gnu-ld: /opt/intel/compilers_and_libraries_2019.4.243/linux/compiler/lib/intel64_lin/libiomp5.a(ompt-general.o): in function `ompt_pre_init':
(.text+0x25f0): warning: Using 'dlopen' in statically linked applications requires at runtime the shared libraries from the glibc version used for linking
configure:8881: result: no
configure:8896: checking if icc.pl supports -c -o file.o
configure:8917: icc.pl -c -g -O2 -fdebug-prefix-map=/home/richard/potrace/potrace-1.15=. -Wformat -march=native -pipe -Wformat-security -Wdate-time -D_FORTIFY_SOURCE=2 -o out/conftest2.o conftest.c >&5
configure:8921: $? = 0
configure:8943: result: yes
configure:8951: checking if icc.pl supports -c -o file.o
configure:8998: result: yes
configure:9031: checking whether the icc.pl linker (/usr/bin/ld -m elf_x86_64) supports shared libraries
configure:10294: result: yes
configure:10331: checking whether -lc should be explicitly linked in
configure:10339: icc.pl -c -g -O2 -fdebug-prefix-map=/home/richard/potrace/potrace-1.15=. -Wformat -march=native -pipe -Wformat-security -Wdate-time -D_FORTIFY_SOURCE=2 conftest.c >&5
configure:10342: $? = 0
configure:10357: icc.pl -shared  -fPIC -DPIC conftest.o  -v -Wl,-soname -Wl,conftest -o conftest 2\>\&1 \| /bin/grep  -lc  \>/dev/null 2\>\&1
configure:10360: $? = 0
configure:10374: result: no
configure:10534: checking dynamic linker characteristics
configure:11115: icc.pl -o conftest -g -O2 -fdebug-prefix-map=/home/richard/potrace/potrace-1.15=. -Wformat -march=native -pipe -Wformat-security -Wdate-time -D_FORTIFY_SOURCE=2  -Wl,-rpath -Wl,/foo conftest.c  >&5
ipo: remark #11001: performing single-file optimizations
ipo: remark #11006: generating object file /tmp/ipo_iccXk3V8x.o
configure:11115: $? = 0
configure:11364: result: GNU/Linux ld.so
configure:11486: checking how to hardcode library paths into programs
configure:11511: result: immediate
configure:12059: checking whether stripping libraries is possible
configure:12064: result: yes
configure:12099: checking if libtool supports shared libraries
configure:12101: result: yes
configure:12104: checking whether to build shared libraries
configure:12129: result: yes
configure:12132: checking whether to build static libraries
configure:12136: result: yes
configure:8951: checking whether to install the Potrace library
configure:8954: result: yes
configure:8968: checking whether gcc has bug number 12243
configure:8973: result: maybe
configure:8978: checking whether to use zlib
configure:8989: result: yes
configure:8996: checking whether to default to metric units
configure:9010: result: no
configure:9014: checking whether to default to a4 paper size
configure:9028: result: no
configure:9032: checking whether to use the simplified progress bar
configure:9053: result: no
configure:9065: checking zlib.h usability
configure:9065: icc.pl -c -g -O2 -fdebug-prefix-map=/home/richard/potrace/potrace-1.15=. -Wformat -march=native -pipe -Wformat-security -Wdate-time -D_FORTIFY_SOURCE=2 conftest.c >&5
configure:9065: $? = 0
configure:9065: result: yes
configure:9065: checking zlib.h presence
configure:9065: icc.pl -E -Wdate-time -D_FORTIFY_SOURCE=2 conftest.c
configure:9065: $? = 0
configure:9065: result: yes
configure:9065: checking for zlib.h
configure:9065: result: yes
configure:9093: checking whether M_PI is declared
configure:9093: icc.pl -c -g -O2 -fdebug-prefix-map=/home/richard/potrace/potrace-1.15=. -Wformat -march=native -pipe -Wformat-security -Wdate-time -D_FORTIFY_SOURCE=2 conftest.c >&5
configure:9093: $? = 0
configure:9093: result: yes
configure:9106: checking for deflate in -lz
configure:9131: icc.pl -o conftest -g -O2 -fdebug-prefix-map=/home/richard/potrace/potrace-1.15=. -Wformat -march=native -pipe -Wformat-security -Wdate-time -D_FORTIFY_SOURCE=2  conftest.c -lz   >&5
conftest.c(34) (col. 6): remark #1419: external declaration in primary source file
conftest.c(40) (col. 3): remark #111: statement is unreachable
ipo: remark #11001: performing single-file optimizations
ipo: remark #11006: generating object file /tmp/ipo_iccy4rCMl.o
configure:9131: $? = 0
configure:9140: result: yes
configure:9202: checking for floor in -lm
configure:9227: icc.pl -o conftest -g -O2 -fdebug-prefix-map=/home/richard/potrace/potrace-1.15=. -Wformat -march=native -pipe -Wformat-security -Wdate-time -D_FORTIFY_SOURCE=2  conftest.c -lm   >&5
conftest.c(34) (col. 6): remark #1419: external declaration in primary source file
conftest.c(40) (col. 3): remark #111: statement is unreachable
ipo: remark #11001: performing single-file optimizations
ipo: remark #11006: generating object file /tmp/ipo_iccXXkk5v.o
configure:9227: $? = 0
configure:9236: result: yes
configure:9246: checking for uint64_t
configure:9246: icc.pl -c -g -O2 -fdebug-prefix-map=/home/richard/potrace/potrace-1.15=. -Wformat -march=native -pipe -Wformat-security -Wdate-time -D_FORTIFY_SOURCE=2 conftest.c >&5
conftest.c(68) (col. 3): remark #111: statement is unreachable
configure:9246: $? = 0
configure:9246: result: yes
configure:9262: checking for getopt_long
configure:9262: icc.pl -o conftest -g -O2 -fdebug-prefix-map=/home/richard/potrace/potrace-1.15=. -Wformat -march=native -pipe -Wformat-security -Wdate-time -D_FORTIFY_SOURCE=2  conftest.c  >&5
conftest.c(50) (col. 6): remark #1419: external declaration in primary source file
conftest.c(63) (col. 3): remark #111: statement is unreachable
ipo: remark #11001: performing single-file optimizations
ipo: remark #11006: generating object file /tmp/ipo_iccZMY4CY.o
configure:9262: $? = 0
configure:9262: result: yes
configure:9270: checking whether getopt_long reorders its arguments
configure:9296: icc.pl -o conftest -g -O2 -fdebug-prefix-map=/home/richard/potrace/potrace-1.15=. -Wformat -march=native -pipe -Wformat-security -Wdate-time -D_FORTIFY_SOURCE=2  conftest.c  >&5
conftest.c(41) (col. 3): remark #111: statement is unreachable
ipo: remark #11001: performing single-file optimizations
ipo: remark #11006: generating object file /tmp/ipo_iccibko50.o
configure:9296: $? = 0
configure:9296: ./conftest
configure:9296: $? = 0
configure:9297: result: yes
configure:9316: checking whether to use local getopt
configure:9324: result: no
configure:9328: checking for strcasecmp
configure:9328: icc.pl -o conftest -g -O2 -fdebug-prefix-map=/home/richard/potrace/potrace-1.15=. -Wformat -march=native -pipe -Wformat-security -Wdate-time -D_FORTIFY_SOURCE=2  conftest.c  >&5
conftest.c(50) (col. 6): remark #1419: external declaration in primary source file
conftest.c(63) (col. 3): remark #111: statement is unreachable
ipo: remark #11001: performing single-file optimizations
ipo: remark #11006: generating object file /tmp/ipo_iccYA1jkj.o
configure:9328: $? = 0
configure:9328: result: yes
configure:9347: checking for strncasecmp
configure:9347: icc.pl -o conftest -g -O2 -fdebug-prefix-map=/home/richard/potrace/potrace-1.15=. -Wformat -march=native -pipe -Wformat-security -Wdate-time -D_FORTIFY_SOURCE=2  conftest.c  >&5
conftest.c(50) (col. 6): remark #1419: external declaration in primary source file
conftest.c(63) (col. 3): remark #111: statement is unreachable
ipo: remark #11001: performing single-file optimizations
ipo: remark #11006: generating object file /tmp/ipo_icc6I2SDh.o
configure:9347: $? = 0
configure:9347: result: yes
configure:9367: checking for Intel 386
configure:9383: icc.pl -c -g -O2 -fdebug-prefix-map=/home/richard/potrace/potrace-1.15=. -Wformat -march=native -pipe -Wformat-security -Wdate-time -D_FORTIFY_SOURCE=2 conftest.c >&5
conftest.c(36) (col. 3): remark #111: statement is unreachable
configure:9383: $? = 0
configure:9384: result: yes
configure:9398: checking for inline
configure:9414: icc.pl -c -g -O2 -fdebug-prefix-map=/home/richard/potrace/potrace-1.15=. -Wformat -march=native -pipe -Wformat-security -Wdate-time -D_FORTIFY_SOURCE=2 conftest.c >&5
conftest.c(30) (col. 21): remark #177: function "static_foo" was declared but never referenced
configure:9414: $? = 0
configure:9422: result: inline
configure:9553: checking that generated files are newer than configure
configure:9559: result: done
configure:9582: creating ./config.status

## ---------------------- ##
## Running config.status. ##
## ---------------------- ##

This file was extended by potrace config.status 1.15, which was
generated by GNU Autoconf 2.69.  Invocation command line was

  CONFIG_FILES    = 
  CONFIG_HEADERS  = 
  CONFIG_LINKS    = 
  CONFIG_COMMANDS = 
  $ ./config.status 

on Richard-Works

config.status:1103: creating Makefile
config.status:1103: creating src/Makefile
config.status:1103: creating doc/Makefile
config.status:1103: creating check/Makefile
config.status:1103: creating doc/potrace.1
config.status:1103: creating doc/mkbitmap.1
config.status:1103: creating config.h
config.status:1332: executing depfiles commands
config.status:1332: executing libtool commands
configure:11731: WARNING: unrecognized options: --disable-maintainer-mode

## ---------------- ##
## Cache variables. ##
## ---------------- ##

ac_cv_build=x86_64-pc-linux-gnu
ac_cv_c_compiler_gnu=yes
ac_cv_c_inline=inline
ac_cv_c_uint64_t=yes
ac_cv_env_CC_set=set
ac_cv_env_CC_value=icc.pl
ac_cv_env_CFLAGS_set=set
ac_cv_env_CFLAGS_value='-g -O2 -fdebug-prefix-map=/home/richard/potrace/potrace-1.15=. -Wformat -march=native -pipe -Wformat-security'
ac_cv_env_CPPFLAGS_set=set
ac_cv_env_CPPFLAGS_value='-Wdate-time -D_FORTIFY_SOURCE=2'
ac_cv_env_CPP_set=set
ac_cv_env_CPP_value='icc.pl -E'
ac_cv_env_LDFLAGS_set=set
ac_cv_env_LDFLAGS_value=
ac_cv_env_LIBS_set=
ac_cv_env_LIBS_value=
ac_cv_env_LT_SYS_LIBRARY_PATH_set=
ac_cv_env_LT_SYS_LIBRARY_PATH_value=
ac_cv_env_build_alias_set=set
ac_cv_env_build_alias_value=x86_64-linux-gnu
ac_cv_env_host_alias_set=
ac_cv_env_host_alias_value=
ac_cv_env_target_alias_set=
ac_cv_env_target_alias_value=
ac_cv_func_getopt_long=yes
ac_cv_func_strcasecmp=yes
ac_cv_func_strncasecmp=yes
ac_cv_have_decl_M_PI=yes
ac_cv_header_dlfcn_h=yes
ac_cv_header_inttypes_h=yes
ac_cv_header_memory_h=yes
ac_cv_header_stdc=yes
ac_cv_header_stdint_h=yes
ac_cv_header_stdlib_h=yes
ac_cv_header_string_h=yes
ac_cv_header_strings_h=yes
ac_cv_header_sys_stat_h=yes
ac_cv_header_sys_types_h=yes
ac_cv_header_unistd_h=yes
ac_cv_header_zlib_h=yes
ac_cv_host=x86_64-pc-linux-gnu
ac_cv_lib_m_floor=yes
ac_cv_lib_z_deflate=yes
ac_cv_objext=o
ac_cv_path_EGREP='/bin/grep -E'
ac_cv_path_FGREP='/bin/grep -F'
ac_cv_path_GREP=/bin/grep
ac_cv_path_SED=/bin/sed
ac_cv_path_install='/usr/bin/install -c'
ac_cv_path_lt_DD=/bin/dd
ac_cv_path_mkdir=/bin/mkdir
ac_cv_prog_AWK=gawk
ac_cv_prog_CPP='icc.pl -E'
ac_cv_prog_ac_ct_DLLTOOL=dlltool
ac_cv_prog_ac_ct_MANIFEST_TOOL=mt
ac_cv_prog_ac_ct_OBJDUMP=objdump
ac_cv_prog_ac_ct_RANLIB=ranlib
ac_cv_prog_ac_ct_STRIP=strip
ac_cv_prog_cc_c89=
ac_cv_prog_cc_g=yes
ac_cv_prog_make_make_set=yes
am_cv_CC_dependencies_compiler_type=none
am_cv_make_support_nested_variables=yes
am_cv_prog_cc_c_o=yes
lt_cv_ar_at_file=@
lt_cv_archive_cmds_need_lc=no
lt_cv_deplibs_check_method=pass_all
lt_cv_file_magic_cmd='$MAGIC_CMD'
lt_cv_file_magic_test_file=
lt_cv_ld_reload_flag=-r
lt_cv_nm_interface='BSD nm'
lt_cv_objdir=.libs
lt_cv_path_LD=/usr/bin/ld
lt_cv_path_NM='/usr/bin/nm -B'
lt_cv_path_mainfest_tool=no
lt_cv_prog_compiler_c_o=yes
lt_cv_prog_compiler_pic='-fPIC -DPIC'
lt_cv_prog_compiler_pic_works=yes
lt_cv_prog_compiler_rtti_exceptions=yes
lt_cv_prog_compiler_static_works=no
lt_cv_prog_gnu_ld=yes
lt_cv_sharedlib_from_linklib_cmd='printf %s\n'
lt_cv_shlibpath_overrides_runpath=yes
lt_cv_sys_global_symbol_pipe='sed -n -e '\''s/^.*[	 ]\([ABCDGIRSTW][ABCDGIRSTW]*\)[	 ][	 ]*\([_A-Za-z][_A-Za-z0-9]*\)$/\1 \2 \2/p'\'' | sed '\''/ __gnu_lto/d'\'''
lt_cv_sys_global_symbol_to_c_name_address='sed -n -e '\''s/^: \(.*\) .*$/  {"\1", (void *) 0},/p'\'' -e '\''s/^[ABCDGIRSTW][ABCDGIRSTW]* .* \(.*\)$/  {"\1", (void *) \&\1},/p'\'''
lt_cv_sys_global_symbol_to_c_name_address_lib_prefix='sed -n -e '\''s/^: \(.*\) .*$/  {"\1", (void *) 0},/p'\'' -e '\''s/^[ABCDGIRSTW][ABCDGIRSTW]* .* \(lib.*\)$/  {"\1", (void *) \&\1},/p'\'' -e '\''s/^[ABCDGIRSTW][ABCDGIRSTW]* .* \(.*\)$/  {"lib\1", (void *) \&\1},/p'\'''
lt_cv_sys_global_symbol_to_cdecl='sed -n -e '\''s/^T .* \(.*\)$/extern int \1();/p'\'' -e '\''s/^[ABCDGIRSTW][ABCDGIRSTW]* .* \(.*\)$/extern char \1;/p'\'''
lt_cv_sys_global_symbol_to_import=
lt_cv_sys_max_cmd_len=1572864
lt_cv_to_host_file_cmd=func_convert_file_noop
lt_cv_to_tool_file_cmd=func_convert_file_noop
lt_cv_truncate_bin='/bin/dd bs=4096 count=1'

## ----------------- ##
## Output variables. ##
## ----------------- ##

ACLOCAL='${SHELL} /home/richard/potrace/potrace-1.15/missing aclocal-1.16'
AMDEPBACKSLASH=''
AMDEP_FALSE=''
AMDEP_TRUE='#'
AMTAR='$${TAR-tar}'
AM_BACKSLASH='\'
AM_CPPFLAGS=''
AM_DEFAULT_V='$(AM_DEFAULT_VERBOSITY)'
AM_DEFAULT_VERBOSITY='1'
AM_V='$(V)'
AR='xiar.pl'
AS='as'
AUTOCONF='${SHELL} /home/richard/potrace/potrace-1.15/missing autoconf'
AUTOHEADER='${SHELL} /home/richard/potrace/potrace-1.15/missing autoheader'
AUTOMAKE='${SHELL} /home/richard/potrace/potrace-1.15/missing automake-1.16'
AWK='gawk'
CADD=''
CC='icc.pl'
CCDEPMODE='depmode=none'
CFLAGS='-g -O2 -fdebug-prefix-map=/home/richard/potrace/potrace-1.15=. -Wformat -march=native -pipe -Wformat-security'
CPP='icc.pl -E'
CPPFLAGS='-Wdate-time -D_FORTIFY_SOURCE=2'
CYGPATH_W='echo'
DATE='August 2017'
DEFS='-DHAVE_CONFIG_H'
DEPDIR='.deps'
DLLTOOL='dlltool'
DSYMUTIL=''
DUMPBIN=''
ECHO_C=''
ECHO_N='-n'
ECHO_T=''
EGREP='/bin/grep -E'
EXEEXT=''
EXTRA_INCLUDES=''
EXTRA_LIBS=' -lz'
EXTRA_OBJS=''
FGREP='/bin/grep -F'
GREP='/bin/grep'
INSTALL_DATA='${INSTALL} -m 644'
INSTALL_PROGRAM='${INSTALL}'
INSTALL_SCRIPT='${INSTALL}'
INSTALL_STRIP_PROGRAM='$(install_sh) -c -s'
INSTHEADERS='potracelib.h'
INSTLIBS='libpotrace.la'
LD='/usr/bin/ld -m elf_x86_64'
LDFLAGS=''
LIBOBJS=''
LIBS=''
LIBTOOL='$(SHELL) $(top_builddir)/libtool'
LIPO=''
LN_S='ln -s'
LTLIBOBJS=''
LT_SYS_LIBRARY_PATH=''
MAKEINFO='${SHELL} /home/richard/potrace/potrace-1.15/missing makeinfo'
MANIFEST_TOOL=':'
MKBITMAP='mkbitmap'
MKDIR_P='/bin/mkdir -p'
NM='/usr/bin/nm -B'
NMEDIT=''
OBJDUMP='objdump'
OBJEXT='o'
OTOOL64=''
OTOOL=''
PACKAGE='potrace'
PACKAGE_BUGREPORT='selinger at users.sourceforge.net'
PACKAGE_NAME='potrace'
PACKAGE_STRING='potrace 1.15'
PACKAGE_TARNAME='potrace'
PACKAGE_URL=''
PACKAGE_VERSION='1.15'
PATH_SEPARATOR=':'
POTRACE='potrace'
POTRACELIB_VERSION=''
RANLIB='ranlib'
SED='/bin/sed'
SET_MAKE=''
SHELL='/bin/bash'
STRIP='strip'
VERSION='1.15'
ac_ct_AR=''
ac_ct_CC=''
ac_ct_DUMPBIN=''
am__EXEEXT_FALSE=''
am__EXEEXT_TRUE='#'
am__fastdepCC_FALSE=''
am__fastdepCC_TRUE='#'
am__include='include'
am__isrc=''
am__leading_dot='.'
am__nodep=''
am__quote=''
am__tar='$${TAR-tar} chof - "$$tardir"'
am__untar='$${TAR-tar} xf -'
bindir='${exec_prefix}/bin'
build='x86_64-pc-linux-gnu'
build_alias='x86_64-linux-gnu'
build_cpu='x86_64'
build_os='linux-gnu'
build_vendor='pc'
datadir='${datarootdir}'
datarootdir='${prefix}/share'
docdir='${datarootdir}/doc/${PACKAGE_TARNAME}'
dvidir='${docdir}'
exec_prefix='${prefix}'
host='x86_64-pc-linux-gnu'
host_alias=''
host_cpu='x86_64'
host_os='linux-gnu'
host_vendor='pc'
htmldir='${docdir}'
includedir='${prefix}/include'
infodir='${prefix}/share/info'
install_sh='${SHELL} /home/richard/potrace/potrace-1.15/install-sh'
libdir='${prefix}/lib/x86_64-linux-gnu'
libexecdir='${prefix}/lib/x86_64-linux-gnu'
localedir='${datarootdir}/locale'
localstatedir='/var'
mandir='${prefix}/share/man'
mkdir_p='$(MKDIR_P)'
oldincludedir='/usr/include'
pdfdir='${docdir}'
prefix='/usr'
program_transform_name='s,x,x,'
psdir='${docdir}'
runstatedir='${localstatedir}/run'
sbindir='${exec_prefix}/sbin'
sharedstatedir='${prefix}/com'
sysconfdir='/etc'
target_alias=''

## ----------- ##
## confdefs.h. ##
## ----------- ##

/* confdefs.h */
#define PACKAGE_NAME "potrace"
#define PACKAGE_TARNAME "potrace"
#define PACKAGE_VERSION "1.15"
#define PACKAGE_STRING "potrace 1.15"
#define PACKAGE_BUGREPORT "selinger at users.sourceforge.net"
#define PACKAGE_URL ""
#define PACKAGE "potrace"
#define VERSION "1.15"
#define POTRACE "potrace"
#define MKBITMAP "mkbitmap"
#define STDC_HEADERS 1
#define HAVE_SYS_TYPES_H 1
#define HAVE_SYS_STAT_H 1
#define HAVE_STDLIB_H 1
#define HAVE_STRING_H 1
#define HAVE_MEMORY_H 1
#define HAVE_STRINGS_H 1
#define HAVE_INTTYPES_H 1
#define HAVE_STDINT_H 1
#define HAVE_UNISTD_H 1
#define HAVE_DLFCN_H 1
#define LT_OBJDIR ".libs/"
#define HAVE_GCC_LOOP_BUG /**/
#define HAVE_ZLIB /**/
#define HAVE_I386 /**/

configure: exit 0
